
> server@1.0.0 dev
> nodemon index.js

[33m[nodemon] 3.1.14[39m
[33m[nodemon] to restart at any time, enter `rs`[39m
[33m[nodemon] watching path(s): *.*[39m
[33m[nodemon] watching extensions: js,mjs,cjs,json[39m
[32m[nodemon] starting `node index.js`[39m
◇ injected env (11) from .env // tip: ◈ encrypted .env [www.dotenvx.com]
◇ injected env (0) from .env // tip: ◈ encrypted .env [www.dotenvx.com]
◇ injected env (0) from .env // tip: ⌘ suppress logs { quiet: true }
Initializing database connection...
Database connection authenticated successfully.
Database connected and synced
Server running on port 5000
[32m[nodemon] restarting due to changes...[39m
[32m[nodemon] starting `node index.js`[39m
◇ injected env (11) from .env // tip: ◈ encrypted .env [www.dotenvx.com]
◇ injected env (0) from .env // tip: ⌘ override existing { override: true }
◇ injected env (0) from .env // tip: ⌘ multiple files { path: ['.env.local', '.env'] }
Initializing database connection...
Database connection authenticated successfully.
Database connected and synced
Server running on port 5000
Port 5000 is already in use
[31m[nodemon] app crashed - waiting for file changes before starting...[39m
[32m[nodemon] restarting due to changes...[39m
[32m[nodemon] starting `node index.js`[39m
◇ injected env (11) from .env // tip: ◈ secrets for agents [www.dotenvx.com]
◇ injected env (0) from .env // tip: ⌘ enable debugging { debug: true }
◇ injected env (0) from .env // tip: ◈ secrets for agents [www.dotenvx.com]
Initializing database connection...
Database connection authenticated successfully.
Database connected and synced
Server running on port 5000
Port 5000 is already in use
[31m[nodemon] app crashed - waiting for file changes before starting...[39m
[32m[nodemon] restarting due to changes...[39m
[32m[nodemon] starting `node index.js`[39m
◇ injected env (11) from .env // tip: ◈ encrypted .env [www.dotenvx.com]
◇ injected env (0) from .env // tip: ⌁ auth for agents [www.vestauth.com]
◇ injected env (0) from .env // tip: ⌘ override existing { override: true }
Initializing database connection...
Database connection authenticated successfully.
Database connected and synced
Server running on port 5000
Port 5000 is already in use
[31m[nodemon] app crashed - waiting for file changes before starting...[39m
[32m[nodemon] restarting due to changes...[39m
[32m[nodemon] starting `node index.js`[39m
◇ injected env (11) from .env // tip: ⌘ custom filepath { path: '/custom/path/.env' }
◇ injected env (0) from .env // tip: ⌘ custom filepath { path: '/custom/path/.env' }
◇ injected env (0) from .env // tip: ⌘ enable debugging { debug: true }
Initializing database connection...
Database connection authenticated successfully.
Database connected and synced
Server running on port 5000
Port 5000 is already in use
[31m[nodemon] app crashed - waiting for file changes before starting...[39m
[32m[nodemon] restarting due to changes...[39m
[32m[nodemon] starting `node index.js`[39m
◇ injected env (11) from .env // tip: ◈ secrets for agents [www.dotenvx.com]
◇ injected env (0) from .env // tip: ⌘ override existing { override: true }
◇ injected env (0) from .env // tip: ⌘ enable debugging { debug: true }
Initializing database connection...
Database connection authenticated successfully.
Database connected and synced
Server running on port 5000
Port 5000 is already in use
[31m[nodemon] app crashed - waiting for file changes before starting...[39m
[32m[nodemon] restarting due to changes...[39m
[32m[nodemon] starting `node index.js`[39m
◇ injected env (11) from .env // tip: ⌘ enable debugging { debug: true }
◇ injected env (0) from .env // tip: ◈ encrypted .env [www.dotenvx.com]
◇ injected env (0) from .env // tip: ⌁ auth for agents [www.vestauth.com]
Initializing database connection...
Database connection authenticated successfully.
Database connected and synced
Server running on port 5000
Port 5000 is already in use
[31m[nodemon] app crashed - waiting for file changes before starting...[39m
[32m[nodemon] restarting due to changes...[39m
[32m[nodemon] starting `node index.js`[39m
◇ injected env (11) from .env // tip: ◈ secrets for agents [www.dotenvx.com]
◇ injected env (0) from .env // tip: ◈ encrypted .env [www.dotenvx.com]
◇ injected env (0) from .env // tip: ⌘ custom filepath { path: '/custom/path/.env' }
Initializing database connection...
Database connection authenticated successfully.
Database connected and synced
Server running on port 5000
Port 5000 is already in use
[31m[nodemon] app crashed - waiting for file changes before starting...[39m
[32m[nodemon] restarting due to changes...[39m
[32m[nodemon] starting `node index.js`[39m
◇ injected env (11) from .env // tip: ◈ encrypted .env [www.dotenvx.com]
◇ injected env (0) from .env // tip: ⌘ custom filepath { path: '/custom/path/.env' }
◇ injected env (0) from .env // tip: ⌁ auth for agents [www.vestauth.com]
Initializing database connection...
Database connection authenticated successfully.
Database connected and synced
Server running on port 5000
Port 5000 is already in use
[31m[nodemon] app crashed - waiting for file changes before starting...[39m
[32m[nodemon] restarting due to changes...[39m
[32m[nodemon] starting `node index.js`[39m
◇ injected env (11) from .env // tip: ⌘ override existing { override: true }
◇ injected env (0) from .env // tip: ⌘ custom filepath { path: '/custom/path/.env' }
◇ injected env (0) from .env // tip: ◈ secrets for agents [www.dotenvx.com]
Initializing database connection...
Database connection authenticated successfully.
Database connected and synced
Server running on port 5000
Port 5000 is already in use
[31m[nodemon] app crashed - waiting for file changes before starting...[39m
[32m[nodemon] restarting due to changes...[39m
[32m[nodemon] starting `node index.js`[39m
(node:186364) MaxListenersExceededWarning: Possible EventEmitter memory leak detected. 11 exit listeners added to [Bus]. MaxListeners is 10. Use emitter.setMaxListeners() to increase limit
(Use `node --trace-warnings ...` to show where the warning was created)
◇ injected env (11) from .env // tip: ⌁ auth for agents [www.vestauth.com]
◇ injected env (0) from .env // tip: ⌘ suppress logs { quiet: true }
◇ injected env (0) from .env // tip: ⌘ suppress logs { quiet: true }
/home/tony/Downloads/Tender-management/server/controllers/taskController.js:155
  } catch (error) {
    ^^^^^

SyntaxError: Unexpected token 'catch'
    at wrapSafe (node:internal/modules/cjs/loader:1637:18)
    at Module._compile (node:internal/modules/cjs/loader:1679:20)
    at Module._extensions..js (node:internal/modules/cjs/loader:1838:10)
    at Module.load (node:internal/modules/cjs/loader:1441:32)
    at Module._load (node:internal/modules/cjs/loader:1263:12)
    at TracingChannel.traceSync (node:diagnostics_channel:328:14)
    at wrapModuleLoad (node:internal/modules/cjs/loader:237:24)
    at Module.require (node:internal/modules/cjs/loader:1463:12)
    at require (node:internal/modules/helpers:147:16)
    at Object.<anonymous> (/home/tony/Downloads/Tender-management/server/routes/taskRoutes.js:3:24)

Node.js v22.22.2
[31m[nodemon] app crashed - waiting for file changes before starting...[39m
[32m[nodemon] restarting due to changes...[39m
[32m[nodemon] starting `node index.js`[39m
◇ injected env (11) from .env // tip: ⌘ multiple files { path: ['.env.local', '.env'] }
◇ injected env (0) from .env // tip: ◈ secrets for agents [www.dotenvx.com]
◇ injected env (0) from .env // tip: ⌘ enable debugging { debug: true }
/home/tony/Downloads/Tender-management/server/controllers/taskController.js:205
  } catch (error) {
    ^^^^^

SyntaxError: Unexpected token 'catch'
    at wrapSafe (node:internal/modules/cjs/loader:1637:18)
    at Module._compile (node:internal/modules/cjs/loader:1679:20)
    at Module._extensions..js (node:internal/modules/cjs/loader:1838:10)
    at Module.load (node:internal/modules/cjs/loader:1441:32)
    at Module._load (node:internal/modules/cjs/loader:1263:12)
    at TracingChannel.traceSync (node:diagnostics_channel:328:14)
    at wrapModuleLoad (node:internal/modules/cjs/loader:237:24)
    at Module.require (node:internal/modules/cjs/loader:1463:12)
    at require (node:internal/modules/helpers:147:16)
    at Object.<anonymous> (/home/tony/Downloads/Tender-management/server/routes/taskRoutes.js:3:24)

Node.js v22.22.2
[31m[nodemon] app crashed - waiting for file changes before starting...[39m
[32m[nodemon] restarting due to changes...[39m
[32m[nodemon] starting `node index.js`[39m
◇ injected env (11) from .env // tip: ⌘ override existing { override: true }
◇ injected env (0) from .env // tip: ⌘ suppress logs { quiet: true }
◇ injected env (0) from .env // tip: ⌘ suppress logs { quiet: true }
Initializing database connection...
Database connection authenticated successfully.
Database connected and synced
Server running on port 5000
Port 5000 is already in use
[31m[nodemon] app crashed - waiting for file changes before starting...[39m
[32m[nodemon] restarting due to changes...[39m
[32m[nodemon] starting `node index.js`[39m
◇ injected env (11) from .env // tip: ⌁ auth for agents [www.vestauth.com]
◇ injected env (0) from .env // tip: ⌁ auth for agents [www.vestauth.com]
◇ injected env (0) from .env // tip: ⌘ override existing { override: true }
Initializing database connection...
Database connection authenticated successfully.
Database connected and synced
Server running on port 5000
[32m[nodemon] restarting due to changes...[39m
[32m[nodemon] starting `node index.js`[39m
◇ injected env (11) from .env // tip: ⌘ multiple files { path: ['.env.local', '.env'] }
◇ injected env (0) from .env // tip: ⌘ override existing { override: true }
◇ injected env (0) from .env // tip: ⌘ enable debugging { debug: true }
Initializing database connection...
Database connection authenticated successfully.
Database connected and synced
Server running on port 5000
Port 5000 is already in use
[31m[nodemon] app crashed - waiting for file changes before starting...[39m
[32m[nodemon] restarting due to changes...[39m
[32m[nodemon] starting `node index.js`[39m
[32m[nodemon] restarting due to changes...[39m
[32m[nodemon] starting `node index.js`[39m
◇ injected env (11) from .env // tip: ⌘ multiple files { path: ['.env.local', '.env'] }
◇ injected env (0) from .env // tip: ⌘ override existing { override: true }
◇ injected env (0) from .env // tip: ⌘ custom filepath { path: '/custom/path/.env' }
Initializing database connection...
Database connection authenticated successfully.
Database connected and synced
Server running on port 5000
Port 5000 is already in use
[31m[nodemon] app crashed - waiting for file changes before starting...[39m
[32m[nodemon] restarting due to changes...[39m
[32m[nodemon] starting `node index.js`[39m
◇ injected env (11) from .env // tip: ⌁ auth for agents [www.vestauth.com]
◇ injected env (0) from .env // tip: ⌁ auth for agents [www.vestauth.com]
◇ injected env (0) from .env // tip: ⌘ suppress logs { quiet: true }
Initializing database connection...
Database connection authenticated successfully.
Database connected and synced
Server running on port 5000
Port 5000 is already in use
[31m[nodemon] app crashed - waiting for file changes before starting...[39m
[32m[nodemon] restarting due to changes...[39m
[32m[nodemon] starting `node index.js`[39m
[32m[nodemon] restarting due to changes...[39m
[32m[nodemon] starting `node index.js`[39m
◇ injected env (11) from .env // tip: ⌘ suppress logs { quiet: true }
◇ injected env (0) from .env // tip: ◈ secrets for agents [www.dotenvx.com]
◇ injected env (0) from .env // tip: ◈ encrypted .env [www.dotenvx.com]
Initializing database connection...
Database connection authenticated successfully.
Database connected and synced
Server running on port 5000
Port 5000 is already in use
[31m[nodemon] app crashed - waiting for file changes before starting...[39m
[32m[nodemon] restarting due to changes...[39m
[32m[nodemon] starting `node index.js`[39m
[32m[nodemon] restarting due to changes...[39m
[32m[nodemon] starting `node index.js`[39m
◇ injected env (11) from .env // tip: ◈ secrets for agents [www.dotenvx.com]
◇ injected env (0) from .env // tip: ⌘ override existing { override: true }
◇ injected env (0) from .env // tip: ⌘ suppress logs { quiet: true }
Initializing database connection...
Database connection authenticated successfully.
Database connected and synced
Server running on port 5000
Port 5000 is already in use
[31m[nodemon] app crashed - waiting for file changes before starting...[39m
[32m[nodemon] restarting due to changes...[39m
[32m[nodemon] starting `node index.js`[39m
◇ injected env (11) from .env // tip: ⌘ enable debugging { debug: true }
◇ injected env (0) from .env // tip: ⌁ auth for agents [www.vestauth.com]
◇ injected env (0) from .env // tip: ⌘ enable debugging { debug: true }
Initializing database connection...
Database connection authenticated successfully.
Database connected and synced
Server running on port 5000
Port 5000 is already in use
[31m[nodemon] app crashed - waiting for file changes before starting...[39m
[32m[nodemon] restarting due to changes...[39m
[32m[nodemon] starting `node index.js`[39m
◇ injected env (11) from .env // tip: ⌘ multiple files { path: ['.env.local', '.env'] }
◇ injected env (0) from .env // tip: ⌁ auth for agents [www.vestauth.com]
◇ injected env (0) from .env // tip: ◈ secrets for agents [www.dotenvx.com]
Initializing database connection...
Database connection authenticated successfully.
Database connected and synced
Server running on port 5000
Port 5000 is already in use
[31m[nodemon] app crashed - waiting for file changes before starting...[39m
[32m[nodemon] restarting due to changes...[39m
[32m[nodemon] starting `node index.js`[39m
◇ injected env (11) from .env // tip: ◈ encrypted .env [www.dotenvx.com]
◇ injected env (0) from .env // tip: ⌘ custom filepath { path: '/custom/path/.env' }
◇ injected env (0) from .env // tip: ◈ secrets for agents [www.dotenvx.com]
Initializing database connection...
Database connection authenticated successfully.
Database initialization failed: Too many keys specified; max 64 keys allowed
Server running on port 5000
Port 5000 is already in use
[31m[nodemon] app crashed - waiting for file changes before starting...[39m
[32m[nodemon] restarting due to changes...[39m
[32m[nodemon] starting `node index.js`[39m
◇ injected env (11) from .env // tip: ⌘ enable debugging { debug: true }
◇ injected env (0) from .env // tip: ⌘ custom filepath { path: '/custom/path/.env' }
◇ injected env (0) from .env // tip: ⌘ multiple files { path: ['.env.local', '.env'] }
Initializing database connection...
Database connection authenticated successfully.
Database initialization failed: Too many keys specified; max 64 keys allowed
Server running on port 5000
Port 5000 is already in use
[31m[nodemon] app crashed - waiting for file changes before starting...[39m
[32m[nodemon] restarting due to changes...[39m
[32m[nodemon] starting `node index.js`[39m
◇ injected env (11) from .env // tip: ⌘ custom filepath { path: '/custom/path/.env' }
◇ injected env (0) from .env // tip: ⌘ override existing { override: true }
◇ injected env (0) from .env // tip: ⌘ override existing { override: true }
Initializing database connection...
Database connection authenticated successfully.
Database connected and synced
Server running on port 5000
[32m[nodemon] restarting due to changes...[39m
[32m[nodemon] starting `node index.js`[39m
◇ injected env (11) from .env // tip: ⌘ custom filepath { path: '/custom/path/.env' }
◇ injected env (0) from .env // tip: ⌁ auth for agents [www.vestauth.com]
◇ injected env (0) from .env // tip: ⌘ suppress logs { quiet: true }
Initializing database connection...
Database connection authenticated successfully.
Database connected and synced
Server running on port 5000
Port 5000 is already in use
[31m[nodemon] app crashed - waiting for file changes before starting...[39m
[32m[nodemon] restarting due to changes...[39m
[32m[nodemon] starting `node index.js`[39m
◇ injected env (11) from .env // tip: ◈ encrypted .env [www.dotenvx.com]
◇ injected env (0) from .env // tip: ⌘ override existing { override: true }
◇ injected env (0) from .env // tip: ⌘ enable debugging { debug: true }
/home/tony/Downloads/Tender-management/server/node_modules/router/lib/route.js:228
        throw new TypeError('argument handler must be a function')
        ^

TypeError: argument handler must be a function
    at Route.<computed> [as put] (/home/tony/Downloads/Tender-management/server/node_modules/router/lib/route.js:228:15)
    at Router.<computed> [as put] (/home/tony/Downloads/Tender-management/server/node_modules/router/index.js:448:19)
    at Object.<anonymous> (/home/tony/Downloads/Tender-management/server/routes/notificationRoutes.js:6:8)
    at Module._compile (node:internal/modules/cjs/loader:1705:14)
    at Module._extensions..js (node:internal/modules/cjs/loader:1838:10)
    at Module.load (node:internal/modules/cjs/loader:1441:32)
    at Module._load (node:internal/modules/cjs/loader:1263:12)
    at TracingChannel.traceSync (node:diagnostics_channel:328:14)
    at wrapModuleLoad (node:internal/modules/cjs/loader:237:24)
    at Module.require (node:internal/modules/cjs/loader:1463:12)

Node.js v22.22.2
[31m[nodemon] app crashed - waiting for file changes before starting...[39m
[32m[nodemon] restarting due to changes...[39m
[32m[nodemon] starting `node index.js`[39m
◇ injected env (11) from .env // tip: ⌘ enable debugging { debug: true }
◇ injected env (0) from .env // tip: ◈ secrets for agents [www.dotenvx.com]
◇ injected env (0) from .env // tip: ◈ secrets for agents [www.dotenvx.com]
Initializing database connection...
Database connection authenticated successfully.
Database connected and synced
Server running on port 5000
Port 5000 is already in use
[31m[nodemon] app crashed - waiting for file changes before starting...[39m
[32m[nodemon] restarting due to changes...[39m
[32m[nodemon] starting `node index.js`[39m
[32m[nodemon] restarting due to changes...[39m
[32m[nodemon] restarting due to changes...[39m
[32m[nodemon] restarting due to changes...[39m
[32m[nodemon] restarting due to changes...[39m
[32m[nodemon] restarting due to changes...[39m
[32m[nodemon] restarting due to changes...[39m
[32m[nodemon] restarting due to changes...[39m
[32m[nodemon] starting `node index.js`[39m
◇ injected env (11) from .env // tip: ⌁ auth for agents [www.vestauth.com]
◇ injected env (0) from .env // tip: ⌁ auth for agents [www.vestauth.com]
◇ injected env (0) from .env // tip: ⌘ override existing { override: true }
Initializing database connection...
Database connection authenticated successfully.
Database ready for operations
Server running on port 5000
Port 5000 is already in use
[31m[nodemon] app crashed - waiting for file changes before starting...[39m
[32m[nodemon] restarting due to changes...[39m
[32m[nodemon] starting `node index.js`[39m
◇ injected env (11) from .env // tip: ⌘ custom filepath { path: '/custom/path/.env' }
◇ injected env (0) from .env // tip: ⌘ suppress logs { quiet: true }
◇ injected env (0) from .env // tip: ⌘ multiple files { path: ['.env.local', '.env'] }
Initializing database connection...
Database connection authenticated successfully.
Database ready for operations
Server running on port 5000
Port 5000 is already in use
[31m[nodemon] app crashed - waiting for file changes before starting...[39m
[32m[nodemon] restarting due to changes...[39m
[32m[nodemon] starting `node index.js`[39m
◇ injected env (11) from .env // tip: ⌘ multiple files { path: ['.env.local', '.env'] }
◇ injected env (0) from .env // tip: ⌘ override existing { override: true }
◇ injected env (0) from .env // tip: ◈ secrets for agents [www.dotenvx.com]
Initializing database connection...
Database connection authenticated successfully.
Database ready for operations
Server running on port 5000
Port 5000 is already in use
[31m[nodemon] app crashed - waiting for file changes before starting...[39m
[32m[nodemon] restarting due to changes...[39m
[32m[nodemon] starting `node index.js`[39m
◇ injected env (11) from .env // tip: ⌘ custom filepath { path: '/custom/path/.env' }
◇ injected env (0) from .env // tip: ⌘ suppress logs { quiet: true }
◇ injected env (0) from .env // tip: ⌘ multiple files { path: ['.env.local', '.env'] }
Initializing database connection...
Database connection authenticated successfully.
Database ready for operations
Server running on port 5000
Port 5000 is already in use
[31m[nodemon] app crashed - waiting for file changes before starting...[39m
[32m[nodemon] restarting due to changes...[39m
[32m[nodemon] starting `node index.js`[39m
◇ injected env (11) from .env // tip: ⌁ auth for agents [www.vestauth.com]
◇ injected env (0) from .env // tip: ⌘ override existing { override: true }
◇ injected env (0) from .env // tip: ⌘ enable debugging { debug: true }
Initializing database connection...
Database connection authenticated successfully.
Database ready for operations
Server running on port 5000
Port 5000 is already in use
[31m[nodemon] app crashed - waiting for file changes before starting...[39m
[32m[nodemon] restarting due to changes...[39m
[32m[nodemon] starting `node index.js`[39m
◇ injected env (11) from .env // tip: ⌘ override existing { override: true }
◇ injected env (0) from .env // tip: ⌘ multiple files { path: ['.env.local', '.env'] }
◇ injected env (0) from .env // tip: ⌘ override existing { override: true }
Initializing database connection...
Database connection authenticated successfully.
Database ready for operations
Server running on port 5000
Port 5000 is already in use
[31m[nodemon] app crashed - waiting for file changes before starting...[39m
[32m[nodemon] restarting due to changes...[39m
[32m[nodemon] starting `node index.js`[39m
◇ injected env (11) from .env // tip: ◈ encrypted .env [www.dotenvx.com]
◇ injected env (0) from .env // tip: ⌘ override existing { override: true }
◇ injected env (0) from .env // tip: ⌁ auth for agents [www.vestauth.com]
Initializing database connection...
Database connection authenticated successfully.
Database ready for operations
Server running on port 5000
Port 5000 is already in use
[31m[nodemon] app crashed - waiting for file changes before starting...[39m
[32m[nodemon] restarting due to changes...[39m
[32m[nodemon] starting `node index.js`[39m
◇ injected env (11) from .env // tip: ⌘ override existing { override: true }
◇ injected env (0) from .env // tip: ⌘ multiple files { path: ['.env.local', '.env'] }
◇ injected env (0) from .env // tip: ⌘ suppress logs { quiet: true }
Initializing database connection...
Database connection authenticated successfully.
Database ready for operations
Server running on port 5000
Port 5000 is already in use
[31m[nodemon] app crashed - waiting for file changes before starting...[39m
[32m[nodemon] restarting due to changes...[39m
[32m[nodemon] starting `node index.js`[39m
◇ injected env (11) from .env // tip: ◈ secrets for agents [www.dotenvx.com]
◇ injected env (0) from .env // tip: ⌘ suppress logs { quiet: true }
◇ injected env (0) from .env // tip: ⌘ custom filepath { path: '/custom/path/.env' }
Initializing database connection...
Database connection authenticated successfully.
Database ready for operations
Server running on port 5000
Port 5000 is already in use
[31m[nodemon] app crashed - waiting for file changes before starting...[39m
[32m[nodemon] restarting due to changes...[39m
[32m[nodemon] starting `node index.js`[39m
(node:186364) MaxListenersExceededWarning: Possible EventEmitter memory leak detected. 11 exit listeners added to [Bus]. MaxListeners is 10. Use emitter.setMaxListeners() to increase limit
◇ injected env (11) from .env // tip: ◈ secrets for agents [www.dotenvx.com]
◇ injected env (0) from .env // tip: ◈ secrets for agents [www.dotenvx.com]
◇ injected env (0) from .env // tip: ⌘ enable debugging { debug: true }
Initializing database connection...
Database connection authenticated successfully.
Database ready for operations
Server running on port 5000
Port 5000 is already in use
[31m[nodemon] app crashed - waiting for file changes before starting...[39m
[32m[nodemon] restarting due to changes...[39m
[32m[nodemon] starting `node index.js`[39m
◇ injected env (11) from .env // tip: ◈ secrets for agents [www.dotenvx.com]
◇ injected env (0) from .env // tip: ⌘ multiple files { path: ['.env.local', '.env'] }
◇ injected env (0) from .env // tip: ⌘ multiple files { path: ['.env.local', '.env'] }
Initializing database connection...
Database connection authenticated successfully.
Database ready for operations
Server running on port 5000
Port 5000 is already in use
[31m[nodemon] app crashed - waiting for file changes before starting...[39m
[32m[nodemon] restarting due to changes...[39m
[32m[nodemon] starting `node index.js`[39m
◇ injected env (11) from .env // tip: ⌘ enable debugging { debug: true }
◇ injected env (0) from .env // tip: ⌘ override existing { override: true }
◇ injected env (0) from .env // tip: ⌘ suppress logs { quiet: true }
Initializing database connection...
Database connection authenticated successfully.
Database ready for operations
Server running on port 5000
Port 5000 is already in use
[31m[nodemon] app crashed - waiting for file changes before starting...[39m
onnection authenticated successfully.
Database ready for operations
Server running on port 5000
Port 5000 is already in use
[31m[nodemon] app crashed - waiting for file changes before starting...[39m
[32m[nodemon] restarting due to changes...[39m
[32m[nodemon] starting `node index.js`[39m
◇ injected env (11) from .env // tip: ⌘ override existing { override: true }
◇ injected env (0) from .env // tip: ⌘ enable debugging { debug: true }
◇ injected env (0) from .env // tip: ◈ secrets for agents [www.dotenvx.com]
Initializing database connection...
Database connection authenticated successfully.
Database ready for operations
Server running on port 5000
Port 5000 is already in use
[31m[nodemon] app crashed - waiting for file changes before starting...[39m
[32m[nodemon] restarting due to changes...[39m
[32m[nodemon] starting `node index.js`[39m
◇ injected env (11) from .env // tip: ⌘ override existing { override: true }
◇ injected env (0) from .env // tip: ◈ secrets for agents [www.dotenvx.com]
◇ injected env (0) from .env // tip: ⌘ enable debugging { debug: true }
Initializing database connection...
Database connection authenticated successfully.
Database ready for operations
Server running on port 5000
Port 5000 is already in use
[31m[nodemon] app crashed - waiting for file changes before starting...[39m
[32m[nodemon] restarting due to changes...[39m
[32m[nodemon] starting `node index.js`[39m
◇ injected env (11) from .env // tip: ⌁ auth for agents [www.vestauth.com]
◇ injected env (0) from .env // tip: ⌘ enable debugging { debug: true }
◇ injected env (0) from .env // tip: ⌘ custom filepath { path: '/custom/path/.env' }
Initializing database connection...
Database connection authenticated successfully.
Database ready for operations
Server running on port 5000
Port 5000 is already in use
[31m[nodemon] app crashed - waiting for file changes before starting...[39m
[32m[nodemon] restarting due to changes...[39m
[32m[nodemon] starting `node index.js`[39m
◇ injected env (11) from .env // tip: ⌘ enable debugging { debug: true }
◇ injected env (0) from .env // tip: ◈ encrypted .env [www.dotenvx.com]
◇ injected env (0) from .env // tip: ⌘ enable debugging { debug: true }
Initializing database connection...
Database connection authenticated successfully.
Database ready for operations
Server running on port 5000
Port 5000 is already in use
[31m[nodemon] app crashed - waiting for file changes before starting...[39m
[32m[nodemon] restarting due to changes...[39m
[32m[nodemon] starting `node index.js`[39m
(node:172430) MaxListenersExceededWarning: Possible EventEmitter memory leak detected. 11 exit listeners added to [Bus]. MaxListeners is 10. Use emitter.setMaxListeners() to increase limit
◇ injected env (11) from .env // tip: ◈ secrets for agents [www.dotenvx.com]
◇ injected env (0) from .env // tip: ⌘ multiple files { path: ['.env.local', '.env'] }
◇ injected env (0) from .env // tip: ⌘ enable debugging { debug: true }
Initializing database connection...
Database connection authenticated successfully.
Database ready for operations
Server running on port 5000
Port 5000 is already in use
[31m[nodemon] app crashed - waiting for file changes before starting...[39m
[32m[nodemon] restarting due to changes...[39m
[32m[nodemon] starting `node index.js`[39m
◇ injected env (11) from .env // tip: ⌁ auth for agents [www.vestauth.com]
◇ injected env (0) from .env // tip: ◈ encrypted .env [www.dotenvx.com]
◇ injected env (0) from .env // tip: ⌁ auth for agents [www.vestauth.com]
Initializing database connection...
Database connection authenticated successfully.
Database ready for operations
Server running on port 5000
Port 5000 is already in use
[31m[nodemon] app crashed - waiting for file changes before starting...[39m
[32m[nodemon] restarting due to changes...[39m
[32m[nodemon] starting `node index.js`[39m
◇ injected env (11) from .env // tip: ⌘ suppress logs { quiet: true }
◇ injected env (0) from .env // tip: ⌘ custom filepath { path: '/custom/path/.env' }
◇ injected env (0) from .env // tip: ⌘ multiple files { path: ['.env.local', '.env'] }
Initializing database connection...
Database connection authenticated successfully.
Database ready for operations
Server running on port 5000
Port 5000 is already in use
[31m[nodemon] app crashed - waiting for file changes before starting...[39m
ting due to changes...[39m
[32m[nodemon] restarting due to changes...[39m
[32m[nodemon] restarting due to changes...[39m
[32m[nodemon] restarting due to changes...[39m
[32m[nodemon] restarting due to changes...[39m
[32m[nodemon] starting `node index.js`[39m
◇ injected env (11) from .env // tip: ⌘ multiple files { path: ['.env.local', '.env'] }
◇ injected env (0) from .env // tip: ⌘ suppress logs { quiet: true }
◇ injected env (0) from .env // tip: ⌘ suppress logs { quiet: true }
Initializing database connection...
Database connection authenticated successfully.
Database ready for operations
Server running on port 5000
[31m[nodemon] app crashed - waiting for file changes before starting...[39m
[32m[nodemon] restarting due to changes...[39m
[32m[nodemon] starting `node index.js`[39m
◇ injected env (11) from .env // tip: ⌘ override existing { override: true }
◇ injected env (0) from .env // tip: ⌘ multiple files { path: ['.env.local', '.env'] }
◇ injected env (0) from .env // tip: ⌘ multiple files { path: ['.env.local', '.env'] }
Initializing database connection...
Database connection authenticated successfully.
Database ready for operations
Server running on port 5000
[32m[nodemon] restarting due to changes...[39m
[32m[nodemon] starting `node index.js`[39m
◇ injected env (11) from .env // tip: ⌁ auth for agents [www.vestauth.com]
◇ injected env (0) from .env // tip: ⌘ multiple files { path: ['.env.local', '.env'] }
◇ injected env (0) from .env // tip: ⌘ override existing { override: true }
Initializing database connection...
Database connection authenticated successfully.
Database ready for operations
Server running on port 5000
Upload request received
File successfully uploaded: 1781251626837-USA_.csv
Incoming update request for tender ID: a418d663-02d4-4dac-b441-8e13566014d6
Update payload: {
  "id": "a418d663-02d4-4dac-b441-8e13566014d6",
  "title": "school erp development",
  "clientId": "f20a7f21-e3bb-4d53-8f35-a3a8500042ab",
  "reference": "pvt-tnd-001",
  "poNumber": null,
  "woNumber": null,
  "category": "Private",
  "bidType": "Private",
  "submissionDate": "2026-01-15",
  "scope": "develop a complete school erp including management , attendance , examination , parent portal & reports .",
  "milestones": "req. gathering 10 feb 2026\nui design 25 feb 2026\nbackent 30 apr 2026\n",
  "techCriteria": "gjxm",
  "certifications": "mhgc",
  "terms": "ouihuijio\n",
  "budget": "1800000.00",
  "tax": "10",
  "paymentTerms": "Milestone Based",
  "teamAssignments": {
    "0": "{",
    "1": "\"",
    "2": "0",
    "3": "\"",
    "4": ":",
    "5": "\"",
    "6": "{",
    "7": "\"",
    "8": ",",
    "9": "\"",
    "10": "1",
    "11": "\"",
    "12": ":",
    "13": "\"",
    "14": "\\",
    "15": "\"",
    "16": "\"",
    "17": ",",
    "18": "\"",
    "19": "2",
    "20": "\"",
    "21": ":",
    "22": "\"",
    "23": "m",
    "24": "\"",
    "25": ",",
    "26": "\"",
    "27": "3",
    "28": "\"",
    "29": ":",
    "30": "\"",
    "31": "a",
    "32": "\"",
    "33": ",",
    "34": "\"",
    "35": "4",
    "36": "\"",
    "37": ":",
    "38": "\"",
    "39": "n",
    "40": "\"",
    "41": ",",
    "42": "\"",
    "43": "5",
    "44": "\"",
    "45": ":",
    "46": "\"",
    "47": "a",
    "48": "\"",
    "49": ",",
    "50": "\"",
    "51": "6",
    "52": "\"",
    "53": ":",
    "54": "\"",
    "55": "g",
    "56": "\"",
    "57": ",",
    "58": "\"",
    "59": "7",
    "60": "\"",
    "61": ":",
    "62": "\"",
    "63": "e",
    "64": "\"",
    "65": ",",
    "66": "\"",
    "67": "8",
    "68": "\"",
    "69": ":",
    "70": "\"",
    "71": "r",
    "72": "\"",
    "73": ",",
    "74": "\"",
    "75": "9",
    "76": "\"",
    "77": ":",
    "78": "\"",
    "79": "I",
    "80": "\"",
    "81": ",",
    "82": "\"",
    "83": "1",
    "84": "0",
    "85": "\"",
    "86": ":",
    "87": "\"",
    "88": "d",
    "89": "\"",
    "90": ",",
    "91": "\"",
    "92": "1",
    "93": "1",
    "94": "\"",
    "95": ":",
    "96": "\"",
    "97": "\\",
    "98": "\"",
    "99": "\"",
    "100": ",",
    "101": "\"",
    "102": "1",
    "103": "2",
    "104": "\"",
    "105": ":",
    "106": "\"",
    "107": ":",
    "108": "\"",
    "109": ",",
    "110": "\"",
    "111": "1",
    "112": "3",
    "113": "\"",
    "114": ":",
    "115": "\"",
    "116": "\\",
    "117": "\"",
    "118": "\"",
    "119": ",",
    "120": "\"",
    "121": "1",
    "122": "4",
    "123": "\"",
    "124": ":",
    "125": "\"",
    "126": "f",
    "127": "\"",
    "128": ",",
    "129": "\"",
    "130": "1",
    "131": "5",
    "132": "\"",
    "133": ":",
    "134": "\"",
    "135": "2",
    "136": "\"",
    "137": ",",
    "138": "\"",
    "139": "1",
    "140": "6",
    "141": "\"",
    "142": ":",
    "143": "\"",
    "144": "2",
    "145": "\"",
    "146": ",",
    "147": "\"",
    "148": "1",
    "149": "7",
    "150": "\"",
    "151": ":",
    "152": "\"",
    "153": "2",
    "154": "\"",
    "155": ",",
    "156": "\"",
    "157": "1",
    "158": "8",
    "159": "\"",
    "160": ":",
    "161": "\"",
    "162": "0",
    "163": "\"",
    "164": ",",
    "165": "\"",
    "166": "1",
    "167": "9",
    "168": "\"",
    "169": ":",
    "170": "\"",
    "171": "5",
    "172": "\"",
    "173": ",",
    "174": "\"",
    "175": "2",
    "176": "0",
    "177": "\"",
    "178": ":",
    "179": "\"",
    "180": "a",
    "181": "\"",
    "182": ",",
    "183": "\"",
    "184": "2",
    "185": "1",
    "186": "\"",
    "187": ":",
    "188": "\"",
    "189": "7",
    "190": "\"",
    "191": ",",
    "192": "\"",
    "193": "2",
    "194": "2",
    "195": "\"",
    "196": ":",
    "197": "\"",
    "198": "-",
    "199": "\"",
    "200": ",",
    "201": "\"",
    "202": "2",
    "203": "3",
    "204": "\"",
    "205": ":",
    "206": "\"",
    "207": "8",
    "208": "\"",
    "209": ",",
    "210": "\"",
    "211": "2",
    "212": "4",
    "213": "\"",
    "214": ":",
    "215": "\"",
    "216": "3",
    "217": "\"",
    "218": ",",
    "219": "\"",
    "220": "2",
    "221": "5",
    "222": "\"",
    "223": ":",
    "224": "\"",
    "225": "5",
    "226": "\"",
    "227": ",",
    "228": "\"",
    "229": "2",
    "230": "6",
    "231": "\"",
    "232": ":",
    "233": "\"",
    "234": "4",
    "235": "\"",
    "236": ",",
    "237": "\"",
    "238": "2",
    "239": "7",
    "240": "\"",
    "241": ":",
    "242": "\"",
    "243": "-",
    "244": "\"",
    "245": ",",
    "246": "\"",
    "247": "2",
    "248": "8",
    "249": "\"",
    "250": ":",
    "251": "\"",
    "252": "4",
    "253": "\"",
    "254": ",",
    "255": "\"",
    "256": "2",
    "257": "9",
    "258": "\"",
    "259": ":",
    "260": "\"",
    "261": "c",
    "262": "\"",
    "263": ",",
    "264": "\"",
    "265": "3",
    "266": "0",
    "267": "\"",
    "268": ":",
    "269": "\"",
    "270": "b",
    "271": "\"",
    "272": ",",
    "273": "\"",
    "274": "3",
    "275": "1",
    "276": "\"",
    "277": ":",
    "278": "\"",
    "279": "8",
    "280": "\"",
    "281": ",",
    "282": "\"",
    "283": "3",
    "284": "2",
    "285": "\"",
    "286": ":",
    "287": "\"",
    "288": "-",
    "289": "\"",
    "290": ",",
    "291": "\"",
    "292": "3",
    "293": "3",
    "294": "\"",
    "295": ":",
    "296": "\"",
    "297": "b",
    "298": "\"",
    "299": ",",
    "300": "\"",
    "301": "3",
    "302": "4",
    "303": "\"",
    "304": ":",
    "305": "\"",
    "306": "b",
    "307": "\"",
    "308": ",",
    "309": "\"",
    "310": "3",
    "311": "5",
    "312": "\"",
    "313": ":",
    "314": "\"",
    "315": "1",
    "316": "\"",
    "317": ",",
    "318": "\"",
    "319": "3",
    "320": "6",
    "321": "\"",
    "322": ":",
    "323": "\"",
    "324": "2",
    "325": "\"",
    "326": ",",
    "327": "\"",
    "328": "3",
    "329": "7",
    "330": "\"",
    "331": ":",
    "332": "\"",
    "333": "-",
    "334": "\"",
    "335": ",",
    "336": "\"",
    "337": "3",
    "338": "8",
    "339": "\"",
    "340": ":",
    "341": "\"",
    "342": "9",
    "343": "\"",
    "344": ",",
    "345": "\"",
    "346": "3",
    "347": "9",
    "348": "\"",
    "349": ":",
    "350": "\"",
    "351": "c",
    "352": "\"",
    "353": ",",
    "354": "\"",
    "355": "4",
    "356": "0",
    "357": "\"",
    "358": ":",
    "359": "\"",
    "360": "b",
    "361": "\"",
    "362": ",",
    "363": "\"",
    "364": "4",
    "365": "1",
    "366": "\"",
    "367": ":",
    "368": "\"",
    "369": "c",
    "370": "\"",
    "371": ",",
    "372": "\"",
    "373": "4",
    "374": "2",
    "375": "\"",
    "376": ":",
    "377": "\"",
    "378": "3",
    "379": "\"",
    "380": ",",
    "381": "\"",
    "382": "4",
    "383": "3",
    "384": "\"",
    "385": ":",
    "386": "\"",
    "387": "9",
    "388": "\"",
    "389": ",",
    "390": "\"",
    "391": "4",
    "392": "4",
    "393": "\"",
    "394": ":",
    "395": "\"",
    "396": "8",
    "397": "\"",
    "398": ",",
    "399": "\"",
    "400": "4",
    "401": "5",
    "402": "\"",
    "403": ":",
    "404": "\"",
    "405": "b",
    "406": "\"",
    "407": ",",
    "408": "\"",
    "409": "4",
    "410": "6",
    "411": "\"",
    "412": ":",
    "413": "\"",
    "414": "0",
    "415": "\"",
    "416": ",",
    "417": "\"",
    "418": "4",
    "419": "7",
    "420": "\"",
    "421": ":",
    "422": "\"",
    "423": "1",
    "424": "\"",
    "425": ",",
    "426": "\"",
    "427": "4",
    "428": "8",
    "429": "\"",
    "430": ":",
    "431": "\"",
    "432": "5",
    "433": "\"",
    "434": ",",
    "435": "\"",
    "436": "4",
    "437": "9",
    "438": "\"",
    "439": ":",
    "440": "\"",
    "441": "6",
    "442": "\"",
    "443": ",",
    "444": "\"",
    "445": "5",
    "446": "0",
    "447": "\"",
    "448": ":",
    "449": "\"",
    "450": "\\",
    "451": "\"",
    "452": "\"",
    "453": ",",
    "454": "\"",
    "455": "5",
    "456": "1",
    "457": "\"",
    "458": ":",
    "459": "\"",
    "460": ",",
    "461": "\"",
    "462": ",",
    "463": "\"",
    "464": "5",
    "465": "2",
    "466": "\"",
    "467": ":",
    "468": "\"",
    "469": "\\",
    "470": "\"",
    "471": "\"",
    "472": ",",
    "473": "\"",
    "474": "5",
    "475": "3",
    "476": "\"",
    "477": ":",
    "478": "\"",
    "479": "r",
    "480": "\"",
    "481": ",",
    "482": "\"",
    "483": "5",
    "484": "4",
    "485": "\"",
    "486": ":",
    "487": "\"",
    "488": "e",
    "489": "\"",
    "490": ",",
    "491": "\"",
    "492": "5",
    "493": "5",
    "494": "\"",
    "495": ":",
    "496": "\"",
    "497": "v",
    "498": "\"",
    "499": ",",
    "500": "\"",
    "501": "5",
    "502": "6",
    "503": "\"",
    "504": ":",
    "505": "\"",
    "506": "i",
    "507": "\"",
    "508": ",",
    "509": "\"",
    "510": "5",
    "511": "7",
    "512": "\"",
    "513": ":",
    "514": "\"",
    "515": "e",
    "516": "\"",
    "517": ",",
    "518": "\"",
    "519": "5",
    "520": "8",
    "521": "\"",
    "522": ":",
    "523": "\"",
    "524": "w",
    "525": "\"",
    "526": ",",
    "527": "\"",
    "528": "5",
    "529": "9",
    "530": "\"",
    "531": ":",
    "532": "\"",
    "533": "e",
    "534": "\"",
    "535": ",",
    "536": "\"",
    "537": "6",
    "538": "0",
    "539": "\"",
    "540": ":",
    "541": "\"",
    "542": "r",
    "543": "\"",
    "544": ",",
    "545": "\"",
    "546": "6",
    "547": "1",
    "548": "\"",
    "549": ":",
    "550": "\"",
    "551": "I",
    "552": "\"",
    "553": ",",
    "554": "\"",
    "555": "6",
    "556": "2",
    "557": "\"",
    "558": ":",
    "559": "\"",
    "560": "d",
    "561": "\"",
    "562": ",",
    "563": "\"",
    "564": "6",
    "565": "3",
    "566": "\"",
    "567": ":",
    "568": "\"",
    "569": "\\",
    "570": "\"",
    "571": "\"",
    "572": ",",
    "573": "\"",
    "574": "6",
    "575": "4",
    "576": "\"",
    "577": ":",
    "578": "\"",
    "579": ":",
    "580": "\"",
    "581": ",",
    "582": "\"",
    "583": "6",
    "584": "5",
    "585": "\"",
    "586": ":",
    "587": "\"",
    "588": "\\",
    "589": "\"",
    "590": "\"",
    "591": ",",
    "592": "\"",
    "593": "6",
    "594": "6",
    "595": "\"",
    "596": ":",
    "597": "\"",
    "598": "8",
    "599": "\"",
    "600": ",",
    "601": "\"",
    "602": "6",
    "603": "7",
    "604": "\"",
    "605": ":",
    "606": "\"",
    "607": "5",
    "608": "\"",
    "609": ",",
    "610": "\"",
    "611": "6",
    "612": "8",
    "613": "\"",
    "614": ":",
    "615": "\"",
    "616": "3",
    "617": "\"",
    "618": ",",
    "619": "\"",
    "620": "6",
    "621": "9",
    "622": "\"",
    "623": ":",
    "624": "\"",
    "625": "5",
    "626": "\"",
    "627": ",",
    "628": "\"",
    "629": "7",
    "630": "0",
    "631": "\"",
    "632": ":",
    "633": "\"",
    "634": "0",
    "635": "\"",
    "636": ",",
    "637": "\"",
    "638": "7",
    "639": "1",
    "640": "\"",
    "641": ":",
    "642": "\"",
    "643": "f",
    "644": "\"",
    "645": ",",
    "646": "\"",
    "647": "7",
    "648": "2",
    "649": "\"",
    "650": ":",
    "651": "\"",
    "652": "6",
    "653": "\"",
    "654": ",",
    "655": "\"",
    "656": "7",
    "657": "3",
    "658": "\"",
    "659": ":",
    "660": "\"",
    "661": "4",
    "662": "\"",
    "663": ",",
    "664": "\"",
    "665": "7",
    "666": "4",
    "667": "\"",
    "668": ":",
    "669": "\"",
    "670": "-",
    "671": "\"",
    "672": ",",
    "673": "\"",
    "674": "7",
    "675": "5",
    "676": "\"",
    "677": ":",
    "678": "\"",
    "679": "b",
    "680": "\"",
    "681": ",",
    "682": "\"",
    "683": "7",
    "684": "6",
    "685": "\"",
    "686": ":",
    "687": "\"",
    "688": "f",
    "689": "\"",
    "690": ",",
    "691": "\"",
    "692": "7",
    "693": "7",
    "694": "\"",
    "695": ":",
    "696": "\"",
    "697": "5",
    "698": "\"",
    "699": ",",
    "700": "\"",
    "701": "7",
    "702": "8",
    "703": "\"",
    "704": ":",
    "705": "\"",
    "706": "8",
    "707": "\"",
    "708": ",",
    "709": "\"",
    "710": "7",
    "711": "9",
    "712": "\"",
    "713": ":",
    "714": "\"",
    "715": "-",
    "716": "\"",
    "717": ",",
    "718": "\"",
    "719": "8",
    "720": "0",
    "721": "\"",
    "722": ":",
    "723": "\"",
    "724": "4",
    "725": "\"",
    "726": ",",
    "727": "\"",
    "728": "8",
    "729": "1",
    "730": "\"",
    "731": ":",
    "732": "\"",
    "733": "3",
    "734": "\"",
    "735": ",",
    "736": "\"",
    "737": "8",
    "738": "2",
    "739": "\"",
    "740": ":",
    "741": "\"",
    "742": "e",
    "743": "\"",
    "744": ",",
    "745": "\"",
    "746": "8",
    "747": "3",
    "748": "\"",
    "749": ":",
    "750": "\"",
    "751": "3",
    "752": "\"",
    "753": ",",
    "754": "\"",
    "755": "8",
    "756": "4",
    "757": "\"",
    "758": ":",
    "759": "\"",
    "760": "-",
    "761": "\"",
    "762": ",",
    "763": "\"",
    "764": "8",
    "765": "5",
    "766": "\"",
    "767": ":",
    "768": "\"",
    "769": "a",
    "770": "\"",
    "771": ",",
    "772": "\"",
    "773": "8",
    "774": "6",
    "775": "\"",
    "776": ":",
    "777": "\"",
    "778": "5",
    "779": "\"",
    "780": ",",
    "781": "\"",
    "782": "8",
    "783": "7",
    "784": "\"",
    "785": ":",
    "786": "\"",
    "787": "0",
    "788": "\"",
    "789": ",",
    "790": "\"",
    "791": "8",
    "792": "8",
    "793": "\"",
    "794": ":",
    "795": "\"",
    "796": "d",
    "797": "\"",
    "798": ",",
    "799": "\"",
    "800": "8",
    "801": "9",
    "802": "\"",
    "803": ":",
    "804": "\"",
    "805": "-",
    "806": "\"",
    "807": ",",
    "808": "\"",
    "809": "9",
    "810": "0",
    "811": "\"",
    "812": ":",
    "813": "\"",
    "814": "d",
    "815": "\"",
    "816": ",",
    "817": "\"",
    "818": "9",
    "819": "1",
    "820": "\"",
    "821": ":",
    "822": "\"",
    "823": "8",
    "824": "\"",
    "825": ",",
    "826": "\"",
    "827": "9",
    "828": "2",
    "829": "\"",
    "830": ":",
    "831": "\"",
    "832": "e",
    "833": "\"",
    "834": ",",
    "835": "\"",
    "836": "9",
    "837": "3",
    "838": "\"",
    "839": ":",
    "840": "\"",
    "841": "5",
    "842": "\"",
    "843": ",",
    "844": "\"",
    "845": "9",
    "846": "4",
    "847": "\"",
    "848": ":",
    "849": "\"",
    "850": "d",
    "851": "\"",
    "852": ",",
    "853": "\"",
    "854": "9",
    "855": "5",
    "856": "\"",
    "857": ":",
    "858": "\"",
    "859": "b",
    "860": "\"",
    "861": ",",
    "862": "\"",
    "863": "9",
    "864": "6",
    "865": "\"",
    "866": ":",
    "867": "\"",
    "868": "e",
    "869": "\"",
    "870": ",",
    "871": "\"",
    "872": "9",
    "873": "7",
    "874": "\"",
    "875": ":",
    "876": "\"",
    "877": "5",
    "878": "\"",
    "879": ",",
    "880": "\"",
    "881": "9",
    "882": "8",
    "883": "\"",
    "884": ":",
    "885": "\"",
    "886": "5",
    "887": "\"",
    "888": ",",
    "889": "\"",
    "890": "9",
    "891": "9",
    "892": "\"",
    "893": ":",
    "894": "\"",
    "895": "0",
    "896": "\"",
    "897": ",",
    "898": "\"",
    "899": "1",
    "900": "0",
    "901": "0",
    "902": "\"",
    "903": ":",
    "904": "\"",
    "905": "2",
    "906": "\"",
    "907": ",",
    "908": "\"",
    "909": "1",
    "910": "0",
    "911": "1",
    "912": "\"",
    "913": ":",
    "914": "\"",
    "915": "4",
    "916": "\"",
    "917": ",",
    "918": "\"",
    "919": "1",
    "920": "0",
    "921": "2",
    "922": "\"",
    "923": ":",
    "924": "\"",
    "925": "\\",
    "926": "\"",
    "927": "\"",
    "928": ",",
    "929": "\"",
    "930": "1",
    "931": "0",
    "932": "3",
    "933": "\"",
    "934": ":",
    "935": "\"",
    "936": ",",
    "937": "\"",
    "938": ",",
    "939": "\"",
    "940": "1",
    "941": "0",
    "942": "4",
    "943": "\"",
    "944": ":",
    "945": "\"",
    "946": "\\",
    "947": "\"",
    "948": "\"",
    "949": ",",
    "950": "\"",
    "951": "1",
    "952": "0",
    "953": "5",
    "954": "\"",
    "955": ":",
    "956": "\"",
    "957": "a",
    "958": "\"",
    "959": ",",
    "960": "\"",
    "961": "1",
    "962": "0",
    "963": "6",
    "964": "\"",
    "965": ":",
    "966": "\"",
    "967": "p",
    "968": "\"",
    "969": ",",
    "970": "\"",
    "971": "1",
    "972": "0",
    "973": "7",
    "974": "\"",
    "975": ":",
    "976": "\"",
    "977": "p",
    "978": "\"",
    "979": ",",
    "980": "\"",
    "981": "1",
    "982": "0",
    "983": "8",
    "984": "\"",
    "985": ":",
    "986": "\"",
    "987": "r",
    "988": "\"",
    "989": ",",
    "990": "\"",
    "991": "1",
    "992": "0",
    "993": "9",
    "994": "\"",
    "995": ":",
    "996": "\"",
    "997": "o",
    "998": "\"",
    "999": ",",
    "1000": "\"",
    "1001": "1",
    "1002": "1",
    "1003": "0",
    "1004": "\"",
    "1005": ":",
    "1006": "\"",
    "1007": "v",
    "1008": "\"",
    "1009": ",",
    "1010": "\"",
    "1011": "1",
    "1012": "1",
    "1013": "1",
    "1014": "\"",
    "1015": ":",
    "1016": "\"",
    "1017": "e",
    "1018": "\"",
    "1019": ",",
    "1020": "\"",
    "1021": "1",
    "1022": "1",
    "1023": "2",
    "1024": "\"",
    "1025": ":",
    "1026": "\"",
    "1027": "r",
    "1028": "\"",
    "1029": ",",
    "1030": "\"",
    "1031": "1",
    "1032": "1",
    "1033": "3",
    "1034": "\"",
    "1035": ":",
    "1036": "\"",
    "1037": "I",
    "1038": "\"",
    "1039": ",",
    "1040": "\"",
    "1041": "1",
    "1042": "1",
    "1043": "4",
    "1044": "\"",
    "1045": ":",
    "1046": "\"",
    "1047": "d",
    "1048": "\"",
    "1049": ",",
    "1050": "\"",
    "1051": "1",
    "1052": "1",
    "1053": "5",
    "1054": "\"",
    "1055": ":",
    "1056": "\"",
    "1057": "\\",
    "1058": "\"",
    "1059": "\"",
    "1060": ",",
    "1061": "\"",
    "1062": "1",
    "1063": "1",
    "1064": "6",
    "1065": "\"",
    "1066": ":",
    "1067": "\"",
    "1068": ":",
    "1069": "\"",
    "1070": ",",
    "1071": "\"",
    "1072": "1",
    "1073": "1",
    "1074": "7",
    "1075": "\"",
    "1076": ":",
    "1077": "\"",
    "1078": "\\",
    "1079": "\"",
    "1080": "\"",
    "1081": ",",
    "1082": "\"",
    "1083": "1",
    "1084": "1",
    "1085": "8",
    "1086": "\"",
    "1087": ":",
    "1088": "\"",
    "1089": "f",
    "1090": "\"",
    "1091": ",",
    "1092": "\"",
    "1093": "1",
    "1094": "1",
    "1095": "9",
    "1096": "\"",
    "1097": ":",
    "1098": "\"",
    "1099": "1",
    "1100": "\"",
    "1101": ",",
    "1102": "\"",
    "1103": "1",
    "1104": "2",
    "1105": "0",
    "1106": "\"",
    "1107": ":",
    "1108": "\"",
    "1109": "6",
    "1110": "\"",
    "1111": ",",
    "1112": "\"",
    "1113": "1",
    "1114": "2",
    "1115": "1",
    "1116": "\"",
    "1117": ":",
    "1118": "\"",
    "1119": "4",
    "1120": "\"",
    "1121": ",",
    "1122": "\"",
    "1123": "1",
    "1124": "2",
    "1125": "2",
    "1126": "\"",
    "1127": ":",
    "1128": "\"",
    "1129": "8",
    "1130": "\"",
    "1131": ",",
    "1132": "\"",
    "1133": "1",
    "1134": "2",
    "1135": "3",
    "1136": "\"",
    "1137": ":",
    "1138": "\"",
    "1139": "c",
    "1140": "\"",
    "1141": ",",
    "1142": "\"",
    "1143": "1",
    "1144": "2",
    "1145": "4",
    "1146": "\"",
    "1147": ":",
    "1148": "\"",
    "1149": "5",
    "1150": "\"",
    "1151": ",",
    "1152": "\"",
    "1153": "1",
    "1154": "2",
    "1155": "5",
    "1156": "\"",
    "1157": ":",
    "1158": "\"",
    "1159": "7",
    "1160": "\"",
    "1161": ",",
    "1162": "\"",
    "1163": "1",
    "1164": "2",
    "1165": "6",
    "1166": "\"",
    "1167": ":",
    "1168": "\"",
    "1169": "-",
    "1170": "\"",
    "1171": ",",
    "1172": "\"",
    "1173": "1",
    "1174": "2",
    "1175": "7",
    "1176": "\"",
    "1177": ":",
    "1178": "\"",
    "1179": "4",
    "1180": "\"",
    "1181": ",",
    "1182": "\"",
    "1183": "1",
    "1184": "2",
    "1185": "8",
    "1186": "\"",
    "1187": ":",
    "1188": "\"",
    "1189": "d",
    "1190": "\"",
    "1191": ",",
    "1192": "\"",
    "1193": "1",
    "1194": "2",
    "1195": "9",
    "1196": "\"",
    "1197": ":",
    "1198": "\"",
    "1199": "f",
    "1200": "\"",
    "1201": ",",
    "1202": "\"",
    "1203": "1",
    "1204": "3",
    "1205": "0",
    "1206": "\"",
    "1207": ":",
    "1208": "\"",
    "1209": "9",
    "1210": "\"",
    "1211": ",",
    "1212": "\"",
    "1213": "1",
    "1214": "3",
    "1215": "1",
    "1216": "\"",
    "1217": ":",
    "1218": "\"",
    "1219": "-",
    "1220": "\"",
    "1221": ",",
    "1222": "\"",
    "1223": "1",
    "1224": "3",
    "1225": "2",
    "1226": "\"",
    "1227": ":",
    "1228": "\"",
    "1229": "4",
    "1230": "\"",
    "1231": ",",
    "1232": "\"",
    "1233": "1",
    "1234": "3",
    "1235": "3",
    "1236": "\"",
    "1237": ":",
    "1238": "\"",
    "1239": "2",
    "1240": "\"",
    "1241": ",",
    "1242": "\"",
    "1243": "1",
    "1244": "3",
    "1245": "4",
    "1246": "\"",
    "1247": ":",
    "1248": "\"",
    "1249": "c",
    "1250": "\"",
    "1251": ",",
    "1252": "\"",
    "1253": "1",
    "1254": "3",
    "1255": "5",
    "1256": "\"",
    "1257": ":",
    "1258": "\"",
    "1259": "1",
    "1260": "\"",
    "1261": ",",
    "1262": "\"",
    "1263": "1",
    "1264": "3",
    "1265": "6",
    "1266": "\"",
    "1267": ":",
    "1268": "\"",
    "1269": "-",
    "1270": "\"",
    "1271": ",",
    "1272": "\"",
    "1273": "1",
    "1274": "3",
    "1275": "7",
    "1276": "\"",
    "1277": ":",
    "1278": "\"",
    "1279": "8",
    "1280": "\"",
    "1281": ",",
    "1282": "\"",
    "1283": "1",
    "1284": "3",
    "1285": "8",
    "1286": "\"",
    "1287": ":",
    "1288": "\"",
    "1289": "a",
    "1290": "\"",
    "1291": ",",
    "1292": "\"",
    "1293": "1",
    "1294": "3",
    "1295": "9",
    "1296": "\"",
    "1297": ":",
    "1298": "\"",
    "1299": "1",
    "1300": "\"",
    "1301": ",",
    "1302": "\"",
    "1303": "1",
    "1304": "4",
    "1305": "0",
    "1306": "\"",
    "1307": ":",
    "1308": "\"",
    "1309": "a",
    "1310": "\"",
    "1311": ",",
    "1312": "\"",
    "1313": "1",
    "1314": "4",
    "1315": "1",
    "1316": "\"",
    "1317": ":",
    "1318": "\"",
    "1319": "-",
    "1320": "\"",
    "1321": ",",
    "1322": "\"",
    "1323": "1",
    "1324": "4",
    "1325": "2",
    "1326": "\"",
    "1327": ":",
    "1328": "\"",
    "1329": "0",
    "1330": "\"",
    "1331": ",",
    "1332": "\"",
    "1333": "1",
    "1334": "4",
    "1335": "3",
    "1336": "\"",
    "1337": ":",
    "1338": "\"",
    "1339": "6",
    "1340": "\"",
    "1341": ",",
    "1342": "\"",
    "1343": "1",
    "1344": "4",
    "1345": "4",
    "1346": "\"",
    "1347": ":",
    "1348": "\"",
    "1349": "e",
    "1350": "\"",
    "1351": ",",
    "1352": "\"",
    "1353": "1",
    "1354": "4",
    "1355": "5",
    "1356": "\"",
    "1357": ":",
    "1358": "\"",
    "1359": "c",
    "1360": "\"",
    "1361": ",",
    "1362": "\"",
    "1363": "1",
    "1364": "4",
    "1365": "6",
    "1366": "\"",
    "1367": ":",
    "1368": "\"",
    "1369": "f",
    "1370": "\"",
    "1371": ",",
    "1372": "\"",
    "1373": "1",
    "1374": "4",
    "1375": "7",
    "1376": "\"",
    "1377": ":",
    "1378": "\"",
    "1379": "5",
    "1380": "\"",
    "1381": ",",
    "1382": "\"",
    "1383": "1",
    "1384": "4",
    "1385": "8",
    "1386": "\"",
    "1387": ":",
    "1388": "\"",
    "1389": "e",
    "1390": "\"",
    "1391": ",",
    "1392": "\"",
    "1393": "1",
    "1394": "4",
    "1395": "9",
    "1396": "\"",
    "1397": ":",
    "1398": "\"",
    "1399": "4",
    "1400": "\"",
    "1401": ",",
    "1402": "\"",
    "1403": "1",
    "1404": "5",
    "1405": "0",
    "1406": "\"",
    "1407": ":",
    "1408": "\"",
    "1409": "6",
    "1410": "\"",
    "1411": ",",
    "1412": "\"",
    "1413": "1",
    "1414": "5",
    "1415": "1",
    "1416": "\"",
    "1417": ":",
    "1418": "\"",
    "1419": "2",
    "1420": "\"",
    "1421": ",",
    "1422": "\"",
    "1423": "1",
    "1424": "5",
    "1425": "2",
    "1426": "\"",
    "1427": ":",
    "1428": "\"",
    "1429": "5",
    "1430": "\"",
    "1431": ",",
    "1432": "\"",
    "1433": "1",
    "1434": "5",
    "1435": "3",
    "1436": "\"",
    "1437": ":",
    "1438": "\"",
    "1439": "2",
    "1440": "\"",
    "1441": ",",
    "1442": "\"",
    "1443": "1",
    "1444": "5",
    "1445": "4",
    "1446": "\"",
    "1447": ":",
    "1448": "\"",
    "1449": "\\",
    "1450": "\"",
    "1451": "\"",
    "1452": ",",
    "1453": "\"",
    "1454": "1",
    "1455": "5",
    "1456": "5",
    "1457": "\"",
    "1458": ":",
    "1459": "\"",
    "1460": "}",
    "1461": "\"",
    "1462": ",",
    "1463": "\"",
    "1464": "m",
    "1465": "a",
    "1466": "n",
    "1467": "a",
    "1468": "g",
    "1469": "e",
    "1470": "r",
    "1471": "I",
    "1472": "d",
    "1473": "\"",
    "1474": ":",
    "1475": "\"",
    "1476": "\"",
    "1477": ",",
    "1478": "\"",
    "1479": "r",
    "1480": "e",
    "1481": "v",
    "1482": "i",
    "1483": "e",
    "1484": "w",
    "1485": "e",
    "1486": "r",
    "1487": "I",
    "1488": "d",
    "1489": "\"",
    "1490": ":",
    "1491": "\"",
    "1492": "\"",
    "1493": ",",
    "1494": "\"",
    "1495": "a",
    "1496": "p",
    "1497": "p",
    "1498": "r",
    "1499": "o",
    "1500": "v",
    "1501": "e",
    "1502": "r",
    "1503": "I",
    "1504": "d",
    "1505": "\"",
    "1506": ":",
    "1507": "\"",
    "1508": "\"",
    "1509": "}",
    "managerId": "f22205a7-8354-4cb8-bb12-9cbc398b0156",
    "reviewerId": "f1648c57-4df9-42c1-8a1a-06ecf5e46252",
    "approverId": "f1648c57-4df9-42c1-8a1a-06ecf5e46252"
  },
  "submissionMode": "Online Portal",
  "submissionURL": "846844",
  "status": "Active",
  "documents": [
    {
      "label": "P.O.",
      "url": "http://127.0.0.1:5000/uploads/1781251626837-USA_.csv",
      "fileName": "USA .csv"
    },
    {
      "label": "Tender Notice File",
      "url": "http://127.0.0.1:5000/uploads/1780306960192-Delivery_Challans_2022-11-29_to_2026-05-29.pdf",
      "fileName": "Delivery_Challans_2022-11-29_to_2026-05-29.pdf"
    },
    {
      "label": "Pricing Sheet",
      "url": "http://127.0.0.1:5000/uploads/1780312060555-Financial_Report_2022-10-29_to_2026-05-29.pdf",
      "fileName": "Financial_Report_2022-10-29_to_2026-05-29.pdf"
    }
  ],
  "completionDocuments": null,
  "completionStatus": "Pending",
  "completionRemark": null,
  "createdAt": "2026-06-01T09:41:14.000Z",
  "updatedAt": "2026-06-09T13:35:32.000Z",
  "client": {
    "id": "f20a7f21-e3bb-4d53-8f35-a3a8500042ab",
    "name": "sunrise public school ",
    "email": "rajesh@sunriseschool.com",
    "phone": "+917878539876",
    "website": "www.sunriseshool.org.in",
    "location": "jaipur, rajasthan ",
    "address": null,
    "gstAddress": null,
    "industry": "education ",
    "status": "Active",
    "manager": "rajesh sharma",
    "managerEmail": null,
    "managerPhone": null,
    "managerPhoto": null,
    "firmType": "Private",
    "date": "2026-06-01T09:36:21.000Z",
    "value": "1800000",
    "createdAt": "2026-06-01T09:36:21.000Z",
    "updatedAt": "2026-06-01T10:19:44.000Z"
  }
}
Tender a418d663-02d4-4dac-b441-8e13566014d6 updated successfully in database.
[31m[nodemon] app crashed - waiting for file changes before starting...[39m
[32m[nodemon] restarting due to changes...[39m
[32m[nodemon] starting `node index.js`[39m
◇ injected env (11) from .env // tip: ⌘ custom filepath { path: '/custom/path/.env' }
◇ injected env (0) from .env // tip: ⌘ custom filepath { path: '/custom/path/.env' }
◇ injected env (0) from .env // tip: ⌘ enable debugging { debug: true }
Initializing database connection...
Database connection authenticated successfully.
Database ready for operations
Server running on port 5000
[32m[nodemon] restarting due to changes...[39m
[32m[nodemon] starting `node index.js`[39m
◇ injected env (11) from .env // tip: ⌘ multiple files { path: ['.env.local', '.env'] }
◇ injected env (0) from .env // tip: ⌁ auth for agents [www.vestauth.com]
◇ injected env (0) from .env // tip: ⌘ enable debugging { debug: true }
Initializing database connection...
Database connection authenticated successfully.
Database ready for operations
Server running on port 5000
Port 5000 is already in use
[31m[nodemon] app crashed - waiting for file changes before starting...[39m
[32m[nodemon] restarting due to changes...[39m
[32m[nodemon] starting `node index.js`[39m
◇ injected env (11) from .env // tip: ⌘ override existing { override: true }
◇ injected env (0) from .env // tip: ⌘ custom filepath { path: '/custom/path/.env' }
◇ injected env (0) from .env // tip: ⌁ auth for agents [www.vestauth.com]
Initializing database connection...
Database connection authenticated successfully.
Database ready for operations
Server running on port 5000
Port 5000 is already in use
[31m[nodemon] app crashed - waiting for file changes before starting...[39m
[32m[nodemon] restarting due to changes...[39m
[32m[nodemon] starting `node index.js`[39m
◇ injected env (11) from .env // tip: ⌘ suppress logs { quiet: true }
◇ injected env (0) from .env // tip: ⌘ enable debugging { debug: true }
◇ injected env (0) from .env // tip: ⌘ override existing { override: true }
Initializing database connection...
Database connection authenticated successfully.
Database ready for operations
Server running on port 5000
Port 5000 is already in use
[31m[nodemon] app crashed - waiting for file changes before starting...[39m
[32m[nodemon] restarting due to changes...[39m
[32m[nodemon] starting `node index.js`[39m
◇ injected env (11) from .env // tip: ⌘ custom filepath { path: '/custom/path/.env' }
◇ injected env (0) from .env // tip: ⌘ override existing { override: true }
◇ injected env (0) from .env // tip: ⌘ multiple files { path: ['.env.local', '.env'] }
Initializing database connection...
Database connection authenticated successfully.
Database ready for operations
Server running on port 5000
Port 5000 is already in use
[31m[nodemon] app crashed - waiting for file changes before starting...[39m
[32m[nodemon] restarting due to changes...[39m
[32m[nodemon] starting `node index.js`[39m
◇ injected env (11) from .env // tip: ⌘ override existing { override: true }
◇ injected env (0) from .env // tip: ⌘ override existing { override: true }
◇ injected env (0) from .env // tip: ◈ encrypted .env [www.dotenvx.com]
Initializing database connection...
Database connection authenticated successfully.
Database ready for operations
Server running on port 5000
[32m[nodemon] restarting due to changes...[39m
[32m[nodemon] starting `node index.js`[39m
◇ injected env (11) from .env // tip: ⌘ suppress logs { quiet: true }
◇ injected env (0) from .env // tip: ◈ secrets for agents [www.dotenvx.com]
◇ injected env (0) from .env // tip: ⌘ override existing { override: true }
Initializing database connection...
Database connection authenticated successfully.
Database ready for operations
Server running on port 5000
Port 5000 is already in use
[31m[nodemon] app crashed - waiting for file changes before starting...[39m
[32m[nodemon] restarting due to changes...[39m
[32m[nodemon] starting `node index.js`[39m
◇ injected env (11) from .env // tip: ⌘ multiple files { path: ['.env.local', '.env'] }
◇ injected env (0) from .env // tip: ⌘ suppress logs { quiet: true }
◇ injected env (0) from .env // tip: ⌘ enable debugging { debug: true }
Initializing database connection...
Database connection authenticated successfully.
Database ready for operations
Server running on port 5000
Port 5000 is already in use
[31m[nodemon] app crashed - waiting for file changes before starting...[39m
[32m[nodemon] restarting due to changes...[39m
[32m[nodemon] starting `node index.js`[39m
◇ injected env (11) from .env // tip: ⌘ custom filepath { path: '/custom/path/.env' }
◇ injected env (0) from .env // tip: ⌘ enable debugging { debug: true }
◇ injected env (0) from .env // tip: ⌘ override existing { override: true }
Initializing database connection...
Database connection authenticated successfully.
Database ready for operations
Server running on port 5000
GET /api/tenders?assignedTo= d725820a-c015-492e-aceb-9589e385b5aa
GET /api/tenders?assignedTo= d725820a-c015-492e-aceb-9589e385b5aa
GET /api/tenders?assignedTo= undefined
GET /api/tenders?assignedTo= undefined
GET /api/tenders?assignedTo= f22205a7-8354-4cb8-bb12-9cbc398b0156
GET /api/tenders?assignedTo= f22205a7-8354-4cb8-bb12-9cbc398b0156
GET /api/tenders?assignedTo= d725820a-c015-492e-aceb-9589e385b5aa
GET /api/tenders?assignedTo= d725820a-c015-492e-aceb-9589e385b5aa
GET /api/tenders?assignedTo= d725820a-c015-492e-aceb-9589e385b5aa
GET /api/tenders?assignedTo= d725820a-c015-492e-aceb-9589e385b5aa
[31m[nodemon] app crashed - waiting for file changes before starting...[39m
